<?xml version="1.0" encoding="UTF-8"?>
<testng-results ignored="0" total="1" passed="1" failed="0" skipped="0">
  <reporter-output>
  </reporter-output>
  <suite started-at="2023-06-19T16:18:04 IST" name="Default suite" finished-at="2023-06-19T16:18:25 IST" duration-ms="21195">
    <groups>
    </groups>
    <test started-at="2023-06-19T16:18:04 IST" name="Default test" finished-at="2023-06-19T16:18:25 IST" duration-ms="21195">
      <class name="com.notion.testscript.TestFileUpload">
        <test-method is-config="true" signature="openBrowser()[pri:0, instance:com.notion.testscript.TestFileUpload@73a1e9a9]" started-at="2023-06-19T16:18:04 IST" name="openBrowser" finished-at="2023-06-19T16:18:15 IST" duration-ms="10765" status="PASS">
          <reporter-output>
          </reporter-output>
        </test-method> <!-- openBrowser -->
        <test-method signature="testFileUpload()[pri:0, instance:com.notion.testscript.TestFileUpload@73a1e9a9]" started-at="2023-06-19T16:18:15 IST" name="testFileUpload" finished-at="2023-06-19T16:18:24 IST" duration-ms="9151" status="PASS">
          <reporter-output>
          </reporter-output>
        </test-method> <!-- testFileUpload -->
        <test-method is-config="true" signature="closeApp()[pri:0, instance:com.notion.testscript.TestFileUpload@73a1e9a9]" started-at="2023-06-19T16:18:24 IST" name="closeApp" finished-at="2023-06-19T16:18:25 IST" duration-ms="1206" status="PASS">
          <reporter-output>
          </reporter-output>
        </test-method> <!-- closeApp -->
      </class> <!-- com.notion.testscript.TestFileUpload -->
    </test> <!-- Default test -->
  </suite> <!-- Default suite -->
</testng-results>
