<?xml version="1.0" encoding="UTF-8"?>
<testng-results ignored="0" total="1" passed="1" failed="0" skipped="0">
  <reporter-output>
  </reporter-output>
  <suite started-at="2023-06-19T17:15:08 IST" name="Default suite" finished-at="2023-06-19T17:15:24 IST" duration-ms="16222">
    <groups>
    </groups>
    <test started-at="2023-06-19T17:15:08 IST" name="Default test" finished-at="2023-06-19T17:15:24 IST" duration-ms="16222">
      <class name="com.notion.testscript.TestFileUpload">
        <test-method is-config="true" signature="openBrowser()[pri:0, instance:com.notion.testscript.TestFileUpload@639c2c1d]" started-at="2023-06-19T17:15:08 IST" name="openBrowser" finished-at="2023-06-19T17:15:19 IST" duration-ms="10810" status="PASS">
          <reporter-output>
          </reporter-output>
        </test-method> <!-- openBrowser -->
        <test-method signature="testFileUpload()[pri:0, instance:com.notion.testscript.TestFileUpload@639c2c1d]" started-at="2023-06-19T17:15:19 IST" name="testFileUpload" finished-at="2023-06-19T17:15:24 IST" duration-ms="4856" status="PASS">
          <reporter-output>
          </reporter-output>
        </test-method> <!-- testFileUpload -->
        <test-method is-config="true" signature="closeApp()[pri:0, instance:com.notion.testscript.TestFileUpload@639c2c1d]" started-at="2023-06-19T17:15:24 IST" name="closeApp" finished-at="2023-06-19T17:15:24 IST" duration-ms="460" status="PASS">
          <reporter-output>
          </reporter-output>
        </test-method> <!-- closeApp -->
      </class> <!-- com.notion.testscript.TestFileUpload -->
    </test> <!-- Default test -->
  </suite> <!-- Default suite -->
</testng-results>
